Build started 31.08.2015 22:05:44.
     1>Project "C:\Users\Gimmillaro Fabio\Desktop\Projekte\NormalMapGenerator\NormalMapGenerator\NormalMapGenerator.vcxproj" on node 2 (Build target(s)).
     1>ClCompile:
         C:\Program Files (x86)\Microsoft Visual Studio 12.0\VC\bin\x86_amd64\CL.exe /c /I"C:\Users\Gimmillaro Fabio\Desktop\nana\include" /I"C:\Users\Gimmillaro Fabio\Desktop\Wichtige  Ordner\GDW_CPP\gdw_ss14_cpp\Libs\glm-0.9.5.4\include" /Zi /nologo /W3 /WX- /O2 /Oi /GL /D WIN32 /D NDEBUG /D _CONSOLE /D _LIB /D _UNICODE /D UNICODE /Gm- /EHsc /MD /GS /Gy /fp:precise /Zc:wchar_t /Zc:forScope /Fo"x64\Release\\" /Fd"x64\Release\vc120.pdb" /Gd /TP /errorReport:prompt MainView.cpp
         MainView.cpp
     1>c:\users\gimmillaro fabio\desktop\projekte\normalmapgenerator\normalmapgenerator\Model.h(41): warning C4267: 'return' : conversion from 'size_t' to 'int', possible loss of data
     1>MainView.cpp(125): warning C4244: 'argument' : conversion from 'double' to 'int', possible loss of data
     1>MainView.cpp(189): warning C4244: 'argument' : conversion from 'float' to 'int', possible loss of data
     1>MainView.cpp(254): warning C4244: '=' : conversion from 'double' to 'int', possible loss of data
     1>MainView.cpp(255): warning C4244: '=' : conversion from 'double' to 'int', possible loss of data
     1>MainView.cpp(258): warning C4244: '=' : conversion from 'double' to 'int', possible loss of data
     1>MainView.cpp(259): warning C4244: '=' : conversion from 'double' to 'int', possible loss of data
     1>MainView.cpp(262): warning C4244: '=' : conversion from 'double' to 'int', possible loss of data
     1>MainView.cpp(263): warning C4244: '=' : conversion from 'double' to 'int', possible loss of data
       Link:
         C:\Program Files (x86)\Microsoft Visual Studio 12.0\VC\bin\x86_amd64\link.exe /ERRORREPORT:PROMPT /OUT:"C:\Users\Gimmillaro Fabio\Desktop\Projekte\NormalMapGenerator\x64\Release\NormalMapGenerator.exe" /INCREMENTAL:NO /NOLOGO /LIBPATH:"C:\Users\Gimmillaro Fabio\Desktop\nana\build\bin\vc2013" /LIBPATH:"C:\Users\Gimmillaro Fabio\Desktop\Wichtige  Ordner\GDW_CPP\gdw_ss14_cpp\GlewLib\build" /LIBPATH:"C:\Users\Gimmillaro Fabio\Desktop\nana\extrlib" nana_v120_Release_x64.lib GlewLib.lib libpng.MD.lib libpng.MD.x64.lib libpng.lib kernel32.lib user32.lib gdi32.lib winspool.lib comdlg32.lib advapi32.lib shell32.lib ole32.lib oleaut32.lib uuid.lib odbc32.lib odbccp32.lib /MANIFEST /MANIFESTUAC:"level='asInvoker' uiAccess='false'" /manifest:embed /DEBUG /PDB:"C:\Users\Gimmillaro Fabio\Desktop\Projekte\NormalMapGenerator\x64\Release\NormalMapGenerator.pdb" /SUBSYSTEM:CONSOLE /OPT:REF /OPT:ICF /LTCG /TLBID:1 /DYNAMICBASE /NXCOMPAT /IMPLIB:"C:\Users\Gimmillaro Fabio\Desktop\Projekte\NormalMapGenerator\x64\Release\NormalMapGenerator.lib" /MACHINE:X64 x64\Release\button_group.obj
         x64\Release\main.obj
         x64\Release\MainPresenter.obj
         x64\Release\MainView.obj
         x64\Release\Model.obj
         x64\Release\windowHelper.obj
         Generating code
         Finished generating code
     1>libpng.MD.x64.lib(adler32.obj) : warning LNK4099: PDB 'vc120.pdb' was not found with 'libpng.MD.x64.lib(adler32.obj)' or at 'C:\Users\Gimmillaro Fabio\Desktop\Projekte\NormalMapGenerator\x64\Release\vc120.pdb'; linking object as if no debug info
     1>libpng.MD.x64.lib(crc32.obj) : warning LNK4099: PDB 'vc120.pdb' was not found with 'libpng.MD.x64.lib(crc32.obj)' or at 'C:\Users\Gimmillaro Fabio\Desktop\Projekte\NormalMapGenerator\x64\Release\vc120.pdb'; linking object as if no debug info
     1>libpng.MD.x64.lib(deflate.obj) : warning LNK4099: PDB 'vc120.pdb' was not found with 'libpng.MD.x64.lib(deflate.obj)' or at 'C:\Users\Gimmillaro Fabio\Desktop\Projekte\NormalMapGenerator\x64\Release\vc120.pdb'; linking object as if no debug info
     1>libpng.MD.x64.lib(gzlib.obj) : warning LNK4099: PDB 'vc120.pdb' was not found with 'libpng.MD.x64.lib(gzlib.obj)' or at 'C:\Users\Gimmillaro Fabio\Desktop\Projekte\NormalMapGenerator\x64\Release\vc120.pdb'; linking object as if no debug info
     1>libpng.MD.x64.lib(gzwrite.obj) : warning LNK4099: PDB 'vc120.pdb' was not found with 'libpng.MD.x64.lib(gzwrite.obj)' or at 'C:\Users\Gimmillaro Fabio\Desktop\Projekte\NormalMapGenerator\x64\Release\vc120.pdb'; linking object as if no debug info
     1>libpng.MD.x64.lib(inffast.obj) : warning LNK4099: PDB 'vc120.pdb' was not found with 'libpng.MD.x64.lib(inffast.obj)' or at 'C:\Users\Gimmillaro Fabio\Desktop\Projekte\NormalMapGenerator\x64\Release\vc120.pdb'; linking object as if no debug info
     1>libpng.MD.x64.lib(inflate.obj) : warning LNK4099: PDB 'vc120.pdb' was not found with 'libpng.MD.x64.lib(inflate.obj)' or at 'C:\Users\Gimmillaro Fabio\Desktop\Projekte\NormalMapGenerator\x64\Release\vc120.pdb'; linking object as if no debug info
     1>libpng.MD.x64.lib(inftrees.obj) : warning LNK4099: PDB 'vc120.pdb' was not found with 'libpng.MD.x64.lib(inftrees.obj)' or at 'C:\Users\Gimmillaro Fabio\Desktop\Projekte\NormalMapGenerator\x64\Release\vc120.pdb'; linking object as if no debug info
     1>libpng.MD.x64.lib(trees.obj) : warning LNK4099: PDB 'vc120.pdb' was not found with 'libpng.MD.x64.lib(trees.obj)' or at 'C:\Users\Gimmillaro Fabio\Desktop\Projekte\NormalMapGenerator\x64\Release\vc120.pdb'; linking object as if no debug info
     1>libpng.MD.x64.lib(zutil.obj) : warning LNK4099: PDB 'vc120.pdb' was not found with 'libpng.MD.x64.lib(zutil.obj)' or at 'C:\Users\Gimmillaro Fabio\Desktop\Projekte\NormalMapGenerator\x64\Release\vc120.pdb'; linking object as if no debug info
     1>libpng.MD.x64.lib(png.obj) : warning LNK4099: PDB 'vc120.pdb' was not found with 'libpng.MD.x64.lib(png.obj)' or at 'C:\Users\Gimmillaro Fabio\Desktop\Projekte\NormalMapGenerator\x64\Release\vc120.pdb'; linking object as if no debug info
     1>libpng.MD.x64.lib(pngerror.obj) : warning LNK4099: PDB 'vc120.pdb' was not found with 'libpng.MD.x64.lib(pngerror.obj)' or at 'C:\Users\Gimmillaro Fabio\Desktop\Projekte\NormalMapGenerator\x64\Release\vc120.pdb'; linking object as if no debug info
     1>libpng.MD.x64.lib(pngget.obj) : warning LNK4099: PDB 'vc120.pdb' was not found with 'libpng.MD.x64.lib(pngget.obj)' or at 'C:\Users\Gimmillaro Fabio\Desktop\Projekte\NormalMapGenerator\x64\Release\vc120.pdb'; linking object as if no debug info
     1>libpng.MD.x64.lib(pngmem.obj) : warning LNK4099: PDB 'vc120.pdb' was not found with 'libpng.MD.x64.lib(pngmem.obj)' or at 'C:\Users\Gimmillaro Fabio\Desktop\Projekte\NormalMapGenerator\x64\Release\vc120.pdb'; linking object as if no debug info
     1>libpng.MD.x64.lib(pngread.obj) : warning LNK4099: PDB 'vc120.pdb' was not found with 'libpng.MD.x64.lib(pngread.obj)' or at 'C:\Users\Gimmillaro Fabio\Desktop\Projekte\NormalMapGenerator\x64\Release\vc120.pdb'; linking object as if no debug info
     1>libpng.MD.x64.lib(pngrio.obj) : warning LNK4099: PDB 'vc120.pdb' was not found with 'libpng.MD.x64.lib(pngrio.obj)' or at 'C:\Users\Gimmillaro Fabio\Desktop\Projekte\NormalMapGenerator\x64\Release\vc120.pdb'; linking object as if no debug info
     1>libpng.MD.x64.lib(pngrtran.obj) : warning LNK4099: PDB 'vc120.pdb' was not found with 'libpng.MD.x64.lib(pngrtran.obj)' or at 'C:\Users\Gimmillaro Fabio\Desktop\Projekte\NormalMapGenerator\x64\Release\vc120.pdb'; linking object as if no debug info
     1>libpng.MD.x64.lib(pngrutil.obj) : warning LNK4099: PDB 'vc120.pdb' was not found with 'libpng.MD.x64.lib(pngrutil.obj)' or at 'C:\Users\Gimmillaro Fabio\Desktop\Projekte\NormalMapGenerator\x64\Release\vc120.pdb'; linking object as if no debug info
     1>libpng.MD.x64.lib(pngset.obj) : warning LNK4099: PDB 'vc120.pdb' was not found with 'libpng.MD.x64.lib(pngset.obj)' or at 'C:\Users\Gimmillaro Fabio\Desktop\Projekte\NormalMapGenerator\x64\Release\vc120.pdb'; linking object as if no debug info
     1>libpng.MD.x64.lib(pngtrans.obj) : warning LNK4099: PDB 'vc120.pdb' was not found with 'libpng.MD.x64.lib(pngtrans.obj)' or at 'C:\Users\Gimmillaro Fabio\Desktop\Projekte\NormalMapGenerator\x64\Release\vc120.pdb'; linking object as if no debug info
         NormalMapGenerator.vcxproj -> C:\Users\Gimmillaro Fabio\Desktop\Projekte\NormalMapGenerator\x64\Release\NormalMapGenerator.exe
     1>Done Building Project "C:\Users\Gimmillaro Fabio\Desktop\Projekte\NormalMapGenerator\NormalMapGenerator\NormalMapGenerator.vcxproj" (Build target(s)).

Build succeeded.

Time Elapsed 00:00:59.80
