c:\users\gimmillaro fabio\desktop\projekte\normalmapgenerator\normalmapgenerator\x64\debug\vc120.pdb
c:\users\gimmillaro fabio\desktop\projekte\normalmapgenerator\normalmapgenerator\x64\debug\vc120.idb
c:\users\gimmillaro fabio\desktop\projekte\normalmapgenerator\normalmapgenerator\x64\debug\main.obj
c:\users\gimmillaro fabio\desktop\projekte\normalmapgenerator\x64\debug\normalmapgenerator.pdb
c:\users\gimmillaro fabio\desktop\projekte\normalmapgenerator\normalmapgenerator\x64\debug\normalma.4fb81246.tlog\cl.command.1.tlog
c:\users\gimmillaro fabio\desktop\projekte\normalmapgenerator\normalmapgenerator\x64\debug\normalma.4fb81246.tlog\cl.read.1.tlog
c:\users\gimmillaro fabio\desktop\projekte\normalmapgenerator\normalmapgenerator\x64\debug\normalma.4fb81246.tlog\cl.write.1.tlog
c:\users\gimmillaro fabio\desktop\projekte\normalmapgenerator\normalmapgenerator\x64\debug\normalma.4fb81246.tlog\link-cvtres.read.1.tlog
c:\users\gimmillaro fabio\desktop\projekte\normalmapgenerator\normalmapgenerator\x64\debug\normalma.4fb81246.tlog\link-cvtres.write.1.tlog
c:\users\gimmillaro fabio\desktop\projekte\normalmapgenerator\normalmapgenerator\x64\debug\normalma.4fb81246.tlog\link-rc.read.1.tlog
c:\users\gimmillaro fabio\desktop\projekte\normalmapgenerator\normalmapgenerator\x64\debug\normalma.4fb81246.tlog\link-rc.write.1.tlog
c:\users\gimmillaro fabio\desktop\projekte\normalmapgenerator\normalmapgenerator\x64\debug\normalma.4fb81246.tlog\link.2320.read.1.tlog
c:\users\gimmillaro fabio\desktop\projekte\normalmapgenerator\normalmapgenerator\x64\debug\normalma.4fb81246.tlog\link.2320.write.1.tlog
c:\users\gimmillaro fabio\desktop\projekte\normalmapgenerator\normalmapgenerator\x64\debug\normalma.4fb81246.tlog\link.3084-cvtres.read.1.tlog
c:\users\gimmillaro fabio\desktop\projekte\normalmapgenerator\normalmapgenerator\x64\debug\normalma.4fb81246.tlog\link.3084-cvtres.write.1.tlog
c:\users\gimmillaro fabio\desktop\projekte\normalmapgenerator\normalmapgenerator\x64\debug\normalma.4fb81246.tlog\link.3084-rc.read.1.tlog
c:\users\gimmillaro fabio\desktop\projekte\normalmapgenerator\normalmapgenerator\x64\debug\normalma.4fb81246.tlog\link.3084-rc.write.1.tlog
c:\users\gimmillaro fabio\desktop\projekte\normalmapgenerator\normalmapgenerator\x64\debug\normalma.4fb81246.tlog\link.3084.read.1.tlog
c:\users\gimmillaro fabio\desktop\projekte\normalmapgenerator\normalmapgenerator\x64\debug\normalma.4fb81246.tlog\link.3084.write.1.tlog
c:\users\gimmillaro fabio\desktop\projekte\normalmapgenerator\normalmapgenerator\x64\debug\normalma.4fb81246.tlog\link.command.1.tlog
c:\users\gimmillaro fabio\desktop\projekte\normalmapgenerator\normalmapgenerator\x64\debug\normalma.4fb81246.tlog\link.read.1.tlog
c:\users\gimmillaro fabio\desktop\projekte\normalmapgenerator\normalmapgenerator\x64\debug\normalma.4fb81246.tlog\link.write.1.tlog
