Build started 27.08.2015 19:53:55.
     1>Project "C:\Users\Gimmillaro Fabio\Desktop\Projekte\NormalMapGenerator\NormalMapGenerator\NormalMapGenerator.vcxproj" on node 2 (Build target(s)).
     1>ClCompile:
         C:\Program Files (x86)\Microsoft Visual Studio 12.0\VC\bin\x86_amd64\CL.exe /c /I"C:\Users\Gimmillaro Fabio\Desktop\nana\include" /I"C:\Users\Gimmillaro Fabio\Desktop\Wichtige  Ordner\GDW_CPP\gdw_ss14_cpp\Libs\glm-0.9.5.4\include" /Zi /nologo /W3 /WX- /Od /D NDEBUG /D WIN32 /D _CONSOLE /D _VISUALC_ /D NeedFunctionPrototypes /D _DLL /D _MAGICKMOD_ /Gm /EHsc /RTC1 /MD /GS /fp:precise /Zc:wchar_t /Zc:forScope /Fo"x64\Debug\\" /Fd"x64\Debug\vc120.pdb" /Gd /TP /errorReport:prompt button_group.cpp MainPresenter.cpp MainView.cpp Model.cpp windowHelper.cpp
         windowHelper.cpp
         Model.cpp
     1>c:\users\gimmillaro fabio\desktop\projekte\normalmapgenerator\normalmapgenerator\Model.h(41): warning C4267: 'return' : conversion from 'size_t' to 'int', possible loss of data
     1>Model.cpp(67): warning C4244: 'return' : conversion from 'float' to 'int', possible loss of data
     1>Model.cpp(71): warning C4244: 'return' : conversion from 'float' to 'int', possible loss of data
     1>Model.cpp(104): warning C4267: 'return' : conversion from 'size_t' to 'int', possible loss of data
     1>Model.cpp(164): warning C4018: '<' : signed/unsigned mismatch
     1>Model.cpp(166): warning C4018: '<' : signed/unsigned mismatch
     1>Model.cpp(168): warning C4018: '<' : signed/unsigned mismatch
     1>Model.cpp(174): warning C4244: 'initializing' : conversion from 'int' to 'float', possible loss of data
     1>Model.cpp(175): warning C4244: 'initializing' : conversion from 'int' to 'float', possible loss of data
     1>Model.cpp(176): warning C4244: 'initializing' : conversion from 'int' to 'float', possible loss of data
     1>Model.cpp(177): warning C4244: 'initializing' : conversion from 'int' to 'float', possible loss of data
     1>Model.cpp(207): warning C4244: 'initializing' : conversion from 'int' to 'float', possible loss of data
     1>Model.cpp(208): warning C4244: 'initializing' : conversion from 'int' to 'float', possible loss of data
     1>Model.cpp(209): warning C4244: 'initializing' : conversion from 'int' to 'float', possible loss of data
     1>Model.cpp(238): warning C4244: 'initializing' : conversion from 'int' to 'float', possible loss of data
     1>Model.cpp(239): warning C4244: 'initializing' : conversion from 'int' to 'float', possible loss of data
     1>Model.cpp(240): warning C4244: 'initializing' : conversion from 'int' to 'float', possible loss of data
     1>Model.cpp(272): warning C4244: 'initializing' : conversion from 'int' to 'float', possible loss of data
     1>Model.cpp(273): warning C4244: 'initializing' : conversion from 'int' to 'float', possible loss of data
     1>Model.cpp(274): warning C4244: 'initializing' : conversion from 'int' to 'float', possible loss of data
     1>Model.cpp(275): warning C4244: 'initializing' : conversion from 'int' to 'float', possible loss of data
     1>Model.cpp(304): warning C4244: 'initializing' : conversion from 'int' to 'float', possible loss of data
     1>Model.cpp(305): warning C4244: 'initializing' : conversion from 'int' to 'float', possible loss of data
     1>Model.cpp(306): warning C4244: 'initializing' : conversion from 'int' to 'float', possible loss of data
     1>Model.cpp(307): warning C4244: 'initializing' : conversion from 'int' to 'float', possible loss of data
     1>Model.cpp(327): warning C4244: 'initializing' : conversion from 'float' to 'int', possible loss of data
     1>Model.cpp(328): warning C4244: 'initializing' : conversion from 'float' to 'int', possible loss of data
     1>Model.cpp(329): warning C4244: 'initializing' : conversion from 'float' to 'int', possible loss of data
         MainView.cpp
     1>c:\users\gimmillaro fabio\desktop\projekte\normalmapgenerator\normalmapgenerator\Model.h(41): warning C4267: 'return' : conversion from 'size_t' to 'int', possible loss of data
     1>MainView.cpp(118): warning C4244: 'argument' : conversion from 'double' to 'int', possible loss of data
     1>MainView.cpp(182): warning C4244: 'argument' : conversion from 'float' to 'int', possible loss of data
     1>MainView.cpp(237): warning C4244: '=' : conversion from 'double' to 'int', possible loss of data
     1>MainView.cpp(238): warning C4244: '=' : conversion from 'double' to 'int', possible loss of data
     1>MainView.cpp(241): warning C4244: '=' : conversion from 'double' to 'int', possible loss of data
     1>MainView.cpp(242): warning C4244: '=' : conversion from 'double' to 'int', possible loss of data
     1>MainView.cpp(245): warning C4244: '=' : conversion from 'double' to 'int', possible loss of data
     1>MainView.cpp(246): warning C4244: '=' : conversion from 'double' to 'int', possible loss of data
         MainPresenter.cpp
     1>c:\users\gimmillaro fabio\desktop\projekte\normalmapgenerator\normalmapgenerator\Model.h(41): warning C4267: 'return' : conversion from 'size_t' to 'int', possible loss of data
     1>MainPresenter.cpp(82): warning C4244: 'argument' : conversion from 'float' to 'int', possible loss of data
     1>MainPresenter.cpp(87): warning C4244: 'argument' : conversion from 'float' to 'int', possible loss of data
     1>MainPresenter.cpp(88): warning C4244: 'argument' : conversion from 'float' to 'int', possible loss of data
     1>MainPresenter.cpp(93): warning C4244: '=' : conversion from 'float' to 'int', possible loss of data
     1>MainPresenter.cpp(96): warning C4244: 'argument' : conversion from 'float' to 'int', possible loss of data
     1>MainPresenter.cpp(102): warning C4244: '*=' : conversion from 'float' to 'int', possible loss of data
     1>MainPresenter.cpp(103): warning C4244: '*=' : conversion from 'float' to 'int', possible loss of data
     1>MainPresenter.cpp(110): warning C4244: 'argument' : conversion from 'float' to 'int', possible loss of data
     1>MainPresenter.cpp(117): warning C4244: '*=' : conversion from 'float' to 'int', possible loss of data
     1>MainPresenter.cpp(118): warning C4244: '*=' : conversion from 'float' to 'int', possible loss of data
     1>MainPresenter.cpp(123): warning C4244: 'argument' : conversion from 'float' to 'int', possible loss of data
     1>MainPresenter.cpp(124): warning C4244: 'argument' : conversion from 'float' to 'int', possible loss of data
     1>MainPresenter.cpp(126): warning C4244: 'argument' : conversion from 'float' to 'int', possible loss of data
     1>MainPresenter.cpp(127): warning C4244: 'argument' : conversion from 'float' to 'int', possible loss of data
     1>MainPresenter.cpp(153): warning C4267: 'argument' : conversion from 'size_t' to 'int', possible loss of data
     1>MainPresenter.cpp(170): warning C4244: 'argument' : conversion from 'float' to 'int', possible loss of data
     1>MainPresenter.cpp(171): warning C4244: 'argument' : conversion from 'float' to 'int', possible loss of data
     1>MainPresenter.cpp(176): warning C4244: '=' : conversion from 'float' to 'int', possible loss of data
     1>MainPresenter.cpp(179): warning C4244: 'argument' : conversion from 'float' to 'int', possible loss of data
     1>MainPresenter.cpp(185): warning C4244: '*=' : conversion from 'float' to 'int', possible loss of data
     1>MainPresenter.cpp(186): warning C4244: '*=' : conversion from 'float' to 'int', possible loss of data
     1>MainPresenter.cpp(191): warning C4244: 'argument' : conversion from 'float' to 'int', possible loss of data
     1>MainPresenter.cpp(198): warning C4244: '*=' : conversion from 'float' to 'int', possible loss of data
     1>MainPresenter.cpp(199): warning C4244: '*=' : conversion from 'float' to 'int', possible loss of data
     1>MainPresenter.cpp(399): warning C4244: 'argument' : conversion from 'float' to 'int', possible loss of data
     1>MainPresenter.cpp(400): warning C4244: 'argument' : conversion from 'float' to 'int', possible loss of data
     1>MainPresenter.cpp(408): warning C4244: 'argument' : conversion from 'float' to 'int', possible loss of data
     1>MainPresenter.cpp(410): warning C4244: 'argument' : conversion from 'float' to 'int', possible loss of data
     1>MainPresenter.cpp(422): warning C4244: 'argument' : conversion from 'float' to 'int', possible loss of data
     1>MainPresenter.cpp(423): warning C4244: 'argument' : conversion from 'float' to 'int', possible loss of data
     1>MainPresenter.cpp(460): warning C4244: 'initializing' : conversion from 'double' to 'int', possible loss of data
     1>MainPresenter.cpp(461): warning C4244: 'initializing' : conversion from 'double' to 'int', possible loss of data
     1>MainPresenter.cpp(471): warning C4244: '=' : conversion from 'int' to 'float', possible loss of data
     1>MainPresenter.cpp(472): warning C4244: '=' : conversion from 'int' to 'float', possible loss of data
     1>MainPresenter.cpp(514): warning C4244: 'argument' : conversion from 'float' to 'int', possible loss of data
     1>MainPresenter.cpp(520): warning C4244: 'argument' : conversion from 'float' to 'int', possible loss of data
     1>MainPresenter.cpp(522): warning C4244: 'argument' : conversion from 'float' to 'int', possible loss of data
     1>MainPresenter.cpp(547): warning C4244: 'argument' : conversion from 'float' to 'int', possible loss of data
     1>MainPresenter.cpp(554): warning C4244: 'argument' : conversion from 'float' to 'int', possible loss of data
     1>MainPresenter.cpp(584): warning C4244: 'initializing' : conversion from 'float' to 'int', possible loss of data
     1>MainPresenter.cpp(587): warning C4244: 'initializing' : conversion from 'int' to 'float', possible loss of data
     1>MainPresenter.cpp(608): warning C4244: 'argument' : conversion from 'float' to 'int', possible loss of data
     1>MainPresenter.cpp(613): warning C4244: 'argument' : conversion from 'float' to 'int', possible loss of data
     1>MainPresenter.cpp(632): warning C4244: 'argument' : conversion from 'float' to 'int', possible loss of data
     1>MainPresenter.cpp(633): warning C4244: 'argument' : conversion from 'float' to 'int', possible loss of data
     1>MainPresenter.cpp(637): warning C4244: 'initializing' : conversion from 'float' to 'int', possible loss of data
     1>MainPresenter.cpp(638): warning C4244: 'initializing' : conversion from 'float' to 'int', possible loss of data
     1>MainPresenter.cpp(640): warning C4244: 'argument' : conversion from 'double' to 'int', possible loss of data
         button_group.cpp
         Generating Code...
         C:\Program Files (x86)\Microsoft Visual Studio 12.0\VC\bin\x86_amd64\CL.exe /c /I"C:\Users\Gimmillaro Fabio\Desktop\nana\include" /I"C:\Users\Gimmillaro Fabio\Desktop\Wichtige  Ordner\GDW_CPP\gdw_ss14_cpp\Libs\glm-0.9.5.4\include" /Zi /nologo /W3 /WX- /Od /D NDEBUG /D WIN32 /D _CONSOLE /D _VISUALC_ /D NeedFunctionPrototypes /D _DLL /D _MAGICKMOD_ /Gm /EHsc /RTC1 /MD /GS /fp:precise /Zc:wchar_t /Zc:forScope /Fo"x64\Debug\\" /Fd"x64\Debug\vc120.pdb" /Gd /TP /errorReport:prompt main.cpp
         main.cpp
     1>c:\users\gimmillaro fabio\desktop\projekte\normalmapgenerator\normalmapgenerator\Model.h(41): warning C4267: 'return' : conversion from 'size_t' to 'int', possible loss of data
       Link:
         C:\Program Files (x86)\Microsoft Visual Studio 12.0\VC\bin\x86_amd64\link.exe /ERRORREPORT:PROMPT /OUT:"C:\Users\Gimmillaro Fabio\Desktop\Projekte\NormalMapGenerator\x64\Debug\NormalMapGenerator.exe" /INCREMENTAL:NO /NOLOGO /LIBPATH:"C:\Users\Gimmillaro Fabio\Desktop\nana\build\bin\vc2013" /LIBPATH:"C:\Users\Gimmillaro Fabio\Desktop\Wichtige  Ordner\GDW_CPP\gdw_ss14_cpp\GlewLib\build" /LIBPATH:"C:\Users\Gimmillaro Fabio\Desktop\nana\extrlib" /LTCG:STATUS nana_v120_Debug_x64.lib GlewLib.lib libpng.MDd.lib libpng.MDd.x64.lib libpng.lib kernel32.lib user32.lib gdi32.lib winspool.lib comdlg32.lib advapi32.lib shell32.lib ole32.lib oleaut32.lib uuid.lib odbc32.lib odbccp32.lib /MANIFEST /MANIFESTUAC:"level='asInvoker' uiAccess='false'" /manifest:embed /DEBUG /PDB:"C:\Users\Gimmillaro Fabio\Desktop\Projekte\NormalMapGenerator\x64\Debug\NormalMapGenerator.pdb" /SUBSYSTEM:CONSOLE /TLBID:1 /DYNAMICBASE /NXCOMPAT /IMPLIB:"C:\Users\Gimmillaro Fabio\Desktop\Projekte\NormalMapGenerator\x64\Debug\NormalMapGenerator.lib" /MACHINE:X64 x64\Debug\button_group.obj
         x64\Debug\MainPresenter.obj
         x64\Debug\MainView.obj
         x64\Debug\Model.obj
         x64\Debug\windowHelper.obj
         x64\Debug\main.obj
     1>nana_v120_Debug_x64.lib(programming_interface.obj) : error LNK2038: mismatch detected for '_ITERATOR_DEBUG_LEVEL': value '2' doesn't match value '0' in button_group.obj
     1>nana_v120_Debug_x64.lib(programming_interface.obj) : error LNK2038: mismatch detected for 'RuntimeLibrary': value 'MTd_StaticDebug' doesn't match value 'MD_DynamicRelease' in button_group.obj
     1>nana_v120_Debug_x64.lib(widget.obj) : error LNK2038: mismatch detected for '_ITERATOR_DEBUG_LEVEL': value '2' doesn't match value '0' in button_group.obj
     1>nana_v120_Debug_x64.lib(widget.obj) : error LNK2038: mismatch detected for 'RuntimeLibrary': value 'MTd_StaticDebug' doesn't match value 'MD_DynamicRelease' in button_group.obj
     1>nana_v120_Debug_x64.lib(label.obj) : error LNK2038: mismatch detected for '_ITERATOR_DEBUG_LEVEL': value '2' doesn't match value '0' in button_group.obj
     1>nana_v120_Debug_x64.lib(label.obj) : error LNK2038: mismatch detected for 'RuntimeLibrary': value 'MTd_StaticDebug' doesn't match value 'MD_DynamicRelease' in button_group.obj
     1>nana_v120_Debug_x64.lib(basic_types.obj) : error LNK2038: mismatch detected for '_ITERATOR_DEBUG_LEVEL': value '2' doesn't match value '0' in button_group.obj
     1>nana_v120_Debug_x64.lib(basic_types.obj) : error LNK2038: mismatch detected for 'RuntimeLibrary': value 'MTd_StaticDebug' doesn't match value 'MD_DynamicRelease' in button_group.obj
     1>nana_v120_Debug_x64.lib(pixel_buffer.obj) : error LNK2038: mismatch detected for '_ITERATOR_DEBUG_LEVEL': value '2' doesn't match value '0' in button_group.obj
     1>nana_v120_Debug_x64.lib(pixel_buffer.obj) : error LNK2038: mismatch detected for 'RuntimeLibrary': value 'MTd_StaticDebug' doesn't match value 'MD_DynamicRelease' in button_group.obj
     1>nana_v120_Debug_x64.lib(graphics.obj) : error LNK2038: mismatch detected for '_ITERATOR_DEBUG_LEVEL': value '2' doesn't match value '0' in button_group.obj
     1>nana_v120_Debug_x64.lib(graphics.obj) : error LNK2038: mismatch detected for 'RuntimeLibrary': value 'MTd_StaticDebug' doesn't match value 'MD_DynamicRelease' in button_group.obj
     1>nana_v120_Debug_x64.lib(image.obj) : error LNK2038: mismatch detected for '_ITERATOR_DEBUG_LEVEL': value '2' doesn't match value '0' in button_group.obj
     1>nana_v120_Debug_x64.lib(image.obj) : error LNK2038: mismatch detected for 'RuntimeLibrary': value 'MTd_StaticDebug' doesn't match value 'MD_DynamicRelease' in button_group.obj
     1>nana_v120_Debug_x64.lib(filebox.obj) : error LNK2038: mismatch detected for '_ITERATOR_DEBUG_LEVEL': value '2' doesn't match value '0' in button_group.obj
     1>nana_v120_Debug_x64.lib(filebox.obj) : error LNK2038: mismatch detected for 'RuntimeLibrary': value 'MTd_StaticDebug' doesn't match value 'MD_DynamicRelease' in button_group.obj
     1>nana_v120_Debug_x64.lib(checkbox.obj) : error LNK2038: mismatch detected for '_ITERATOR_DEBUG_LEVEL': value '2' doesn't match value '0' in button_group.obj
     1>nana_v120_Debug_x64.lib(checkbox.obj) : error LNK2038: mismatch detected for 'RuntimeLibrary': value 'MTd_StaticDebug' doesn't match value 'MD_DynamicRelease' in button_group.obj
     1>nana_v120_Debug_x64.lib(bedrock_pi.obj) : error LNK2038: mismatch detected for '_ITERATOR_DEBUG_LEVEL': value '2' doesn't match value '0' in button_group.obj
     1>nana_v120_Debug_x64.lib(bedrock_pi.obj) : error LNK2038: mismatch detected for 'RuntimeLibrary': value 'MTd_StaticDebug' doesn't match value 'MD_DynamicRelease' in button_group.obj
     1>nana_v120_Debug_x64.lib(screen.obj) : error LNK2038: mismatch detected for '_ITERATOR_DEBUG_LEVEL': value '2' doesn't match value '0' in button_group.obj
     1>nana_v120_Debug_x64.lib(screen.obj) : error LNK2038: mismatch detected for 'RuntimeLibrary': value 'MTd_StaticDebug' doesn't match value 'MD_DynamicRelease' in button_group.obj
     1>nana_v120_Debug_x64.lib(drawing.obj) : error LNK2038: mismatch detected for '_ITERATOR_DEBUG_LEVEL': value '2' doesn't match value '0' in button_group.obj
     1>nana_v120_Debug_x64.lib(drawing.obj) : error LNK2038: mismatch detected for 'RuntimeLibrary': value 'MTd_StaticDebug' doesn't match value 'MD_DynamicRelease' in button_group.obj
     1>nana_v120_Debug_x64.lib(button.obj) : error LNK2038: mismatch detected for '_ITERATOR_DEBUG_LEVEL': value '2' doesn't match value '0' in button_group.obj
     1>nana_v120_Debug_x64.lib(button.obj) : error LNK2038: mismatch detected for 'RuntimeLibrary': value 'MTd_StaticDebug' doesn't match value 'MD_DynamicRelease' in button_group.obj
     1>nana_v120_Debug_x64.lib(slider.obj) : error LNK2038: mismatch detected for '_ITERATOR_DEBUG_LEVEL': value '2' doesn't match value '0' in button_group.obj
     1>nana_v120_Debug_x64.lib(slider.obj) : error LNK2038: mismatch detected for 'RuntimeLibrary': value 'MTd_StaticDebug' doesn't match value 'MD_DynamicRelease' in button_group.obj
     1>nana_v120_Debug_x64.lib(basis.obj) : error LNK2038: mismatch detected for '_ITERATOR_DEBUG_LEVEL': value '2' doesn't match value '0' in button_group.obj
     1>nana_v120_Debug_x64.lib(basis.obj) : error LNK2038: mismatch detected for 'RuntimeLibrary': value 'MTd_StaticDebug' doesn't match value 'MD_DynamicRelease' in button_group.obj
     1>nana_v120_Debug_x64.lib(form.obj) : error LNK2038: mismatch detected for '_ITERATOR_DEBUG_LEVEL': value '2' doesn't match value '0' in button_group.obj
     1>nana_v120_Debug_x64.lib(form.obj) : error LNK2038: mismatch detected for 'RuntimeLibrary': value 'MTd_StaticDebug' doesn't match value 'MD_DynamicRelease' in button_group.obj
     1>nana_v120_Debug_x64.lib(wvl.obj) : error LNK2038: mismatch detected for '_ITERATOR_DEBUG_LEVEL': value '2' doesn't match value '0' in button_group.obj
     1>nana_v120_Debug_x64.lib(wvl.obj) : error LNK2038: mismatch detected for 'RuntimeLibrary': value 'MTd_StaticDebug' doesn't match value 'MD_DynamicRelease' in button_group.obj
     1>nana_v120_Debug_x64.lib(charset.obj) : error LNK2038: mismatch detected for '_ITERATOR_DEBUG_LEVEL': value '2' doesn't match value '0' in button_group.obj
     1>nana_v120_Debug_x64.lib(charset.obj) : error LNK2038: mismatch detected for 'RuntimeLibrary': value 'MTd_StaticDebug' doesn't match value 'MD_DynamicRelease' in button_group.obj
     1>nana_v120_Debug_x64.lib(window_manager.obj) : error LNK2038: mismatch detected for '_ITERATOR_DEBUG_LEVEL': value '2' doesn't match value '0' in button_group.obj
     1>nana_v120_Debug_x64.lib(window_manager.obj) : error LNK2038: mismatch detected for 'RuntimeLibrary': value 'MTd_StaticDebug' doesn't match value 'MD_DynamicRelease' in button_group.obj
     1>nana_v120_Debug_x64.lib(events_operation.obj) : error LNK2038: mismatch detected for '_ITERATOR_DEBUG_LEVEL': value '2' doesn't match value '0' in button_group.obj
     1>nana_v120_Debug_x64.lib(events_operation.obj) : error LNK2038: mismatch detected for 'RuntimeLibrary': value 'MTd_StaticDebug' doesn't match value 'MD_DynamicRelease' in button_group.obj
     1>nana_v120_Debug_x64.lib(color_schemes.obj) : error LNK2038: mismatch detected for '_ITERATOR_DEBUG_LEVEL': value '2' doesn't match value '0' in button_group.obj
     1>nana_v120_Debug_x64.lib(color_schemes.obj) : error LNK2038: mismatch detected for 'RuntimeLibrary': value 'MTd_StaticDebug' doesn't match value 'MD_DynamicRelease' in button_group.obj
     1>nana_v120_Debug_x64.lib(bedrock.obj) : error LNK2038: mismatch detected for '_ITERATOR_DEBUG_LEVEL': value '2' doesn't match value '0' in button_group.obj
     1>nana_v120_Debug_x64.lib(bedrock.obj) : error LNK2038: mismatch detected for 'RuntimeLibrary': value 'MTd_StaticDebug' doesn't match value 'MD_DynamicRelease' in button_group.obj
     1>nana_v120_Debug_x64.lib(effects.obj) : error LNK2038: mismatch detected for '_ITERATOR_DEBUG_LEVEL': value '2' doesn't match value '0' in button_group.obj
     1>nana_v120_Debug_x64.lib(effects.obj) : error LNK2038: mismatch detected for 'RuntimeLibrary': value 'MTd_StaticDebug' doesn't match value 'MD_DynamicRelease' in button_group.obj
     1>nana_v120_Debug_x64.lib(drawer.obj) : error LNK2038: mismatch detected for '_ITERATOR_DEBUG_LEVEL': value '2' doesn't match value '0' in button_group.obj
     1>nana_v120_Debug_x64.lib(drawer.obj) : error LNK2038: mismatch detected for 'RuntimeLibrary': value 'MTd_StaticDebug' doesn't match value 'MD_DynamicRelease' in button_group.obj
     1>nana_v120_Debug_x64.lib(platform.obj) : error LNK2038: mismatch detected for '_ITERATOR_DEBUG_LEVEL': value '2' doesn't match value '0' in button_group.obj
     1>nana_v120_Debug_x64.lib(platform.obj) : error LNK2038: mismatch detected for 'RuntimeLibrary': value 'MTd_StaticDebug' doesn't match value 'MD_DynamicRelease' in button_group.obj
     1>nana_v120_Debug_x64.lib(basic_window.obj) : error LNK2038: mismatch detected for '_ITERATOR_DEBUG_LEVEL': value '2' doesn't match value '0' in button_group.obj
     1>nana_v120_Debug_x64.lib(basic_window.obj) : error LNK2038: mismatch detected for 'RuntimeLibrary': value 'MTd_StaticDebug' doesn't match value 'MD_DynamicRelease' in button_group.obj
     1>nana_v120_Debug_x64.lib(native_window_interface.obj) : error LNK2038: mismatch detected for '_ITERATOR_DEBUG_LEVEL': value '2' doesn't match value '0' in button_group.obj
     1>nana_v120_Debug_x64.lib(native_window_interface.obj) : error LNK2038: mismatch detected for 'RuntimeLibrary': value 'MTd_StaticDebug' doesn't match value 'MD_DynamicRelease' in button_group.obj
     1>nana_v120_Debug_x64.lib(internationalization.obj) : error LNK2038: mismatch detected for '_ITERATOR_DEBUG_LEVEL': value '2' doesn't match value '0' in button_group.obj
     1>nana_v120_Debug_x64.lib(internationalization.obj) : error LNK2038: mismatch detected for 'RuntimeLibrary': value 'MTd_StaticDebug' doesn't match value 'MD_DynamicRelease' in button_group.obj
     1>nana_v120_Debug_x64.lib(tooltip.obj) : error LNK2038: mismatch detected for '_ITERATOR_DEBUG_LEVEL': value '2' doesn't match value '0' in button_group.obj
     1>nana_v120_Debug_x64.lib(tooltip.obj) : error LNK2038: mismatch detected for 'RuntimeLibrary': value 'MTd_StaticDebug' doesn't match value 'MD_DynamicRelease' in button_group.obj
     1>nana_v120_Debug_x64.lib(traits.obj) : error LNK2038: mismatch detected for '_ITERATOR_DEBUG_LEVEL': value '2' doesn't match value '0' in button_group.obj
     1>nana_v120_Debug_x64.lib(traits.obj) : error LNK2038: mismatch detected for 'RuntimeLibrary': value 'MTd_StaticDebug' doesn't match value 'MD_DynamicRelease' in button_group.obj
     1>nana_v120_Debug_x64.lib(unicode_bidi.obj) : error LNK2038: mismatch detected for '_ITERATOR_DEBUG_LEVEL': value '2' doesn't match value '0' in button_group.obj
     1>nana_v120_Debug_x64.lib(unicode_bidi.obj) : error LNK2038: mismatch detected for 'RuntimeLibrary': value 'MTd_StaticDebug' doesn't match value 'MD_DynamicRelease' in button_group.obj
     1>nana_v120_Debug_x64.lib(layout_utility.obj) : error LNK2038: mismatch detected for '_ITERATOR_DEBUG_LEVEL': value '2' doesn't match value '0' in button_group.obj
     1>nana_v120_Debug_x64.lib(layout_utility.obj) : error LNK2038: mismatch detected for 'RuntimeLibrary': value 'MTd_StaticDebug' doesn't match value 'MD_DynamicRelease' in button_group.obj
     1>nana_v120_Debug_x64.lib(native_paint_interface.obj) : error LNK2038: mismatch detected for '_ITERATOR_DEBUG_LEVEL': value '2' doesn't match value '0' in button_group.obj
     1>nana_v120_Debug_x64.lib(native_paint_interface.obj) : error LNK2038: mismatch detected for 'RuntimeLibrary': value 'MTd_StaticDebug' doesn't match value 'MD_DynamicRelease' in button_group.obj
     1>nana_v120_Debug_x64.lib(image_process_provider.obj) : error LNK2038: mismatch detected for '_ITERATOR_DEBUG_LEVEL': value '2' doesn't match value '0' in button_group.obj
     1>nana_v120_Debug_x64.lib(image_process_provider.obj) : error LNK2038: mismatch detected for 'RuntimeLibrary': value 'MTd_StaticDebug' doesn't match value 'MD_DynamicRelease' in button_group.obj
     1>nana_v120_Debug_x64.lib(deploy.obj) : error LNK2038: mismatch detected for '_ITERATOR_DEBUG_LEVEL': value '2' doesn't match value '0' in button_group.obj
     1>nana_v120_Debug_x64.lib(deploy.obj) : error LNK2038: mismatch detected for 'RuntimeLibrary': value 'MTd_StaticDebug' doesn't match value 'MD_DynamicRelease' in button_group.obj
     1>nana_v120_Debug_x64.lib(platform_spec.obj) : error LNK2038: mismatch detected for '_ITERATOR_DEBUG_LEVEL': value '2' doesn't match value '0' in button_group.obj
     1>nana_v120_Debug_x64.lib(platform_spec.obj) : error LNK2038: mismatch detected for 'RuntimeLibrary': value 'MTd_StaticDebug' doesn't match value 'MD_DynamicRelease' in button_group.obj
     1>nana_v120_Debug_x64.lib(fs_utility.obj) : error LNK2038: mismatch detected for '_ITERATOR_DEBUG_LEVEL': value '2' doesn't match value '0' in button_group.obj
     1>nana_v120_Debug_x64.lib(fs_utility.obj) : error LNK2038: mismatch detected for 'RuntimeLibrary': value 'MTd_StaticDebug' doesn't match value 'MD_DynamicRelease' in button_group.obj
     1>nana_v120_Debug_x64.lib(text_renderer.obj) : error LNK2038: mismatch detected for '_ITERATOR_DEBUG_LEVEL': value '2' doesn't match value '0' in button_group.obj
     1>nana_v120_Debug_x64.lib(text_renderer.obj) : error LNK2038: mismatch detected for 'RuntimeLibrary': value 'MTd_StaticDebug' doesn't match value 'MD_DynamicRelease' in button_group.obj
     1>nana_v120_Debug_x64.lib(element.obj) : error LNK2038: mismatch detected for '_ITERATOR_DEBUG_LEVEL': value '2' doesn't match value '0' in button_group.obj
     1>nana_v120_Debug_x64.lib(element.obj) : error LNK2038: mismatch detected for 'RuntimeLibrary': value 'MTd_StaticDebug' doesn't match value 'MD_DynamicRelease' in button_group.obj
     1>nana_v120_Debug_x64.lib(window_layout.obj) : error LNK2038: mismatch detected for '_ITERATOR_DEBUG_LEVEL': value '2' doesn't match value '0' in button_group.obj
     1>nana_v120_Debug_x64.lib(window_layout.obj) : error LNK2038: mismatch detected for 'RuntimeLibrary': value 'MTd_StaticDebug' doesn't match value 'MD_DynamicRelease' in button_group.obj
     1>nana_v120_Debug_x64.lib(msgbox.obj) : error LNK2038: mismatch detected for '_ITERATOR_DEBUG_LEVEL': value '2' doesn't match value '0' in button_group.obj
     1>nana_v120_Debug_x64.lib(msgbox.obj) : error LNK2038: mismatch detected for 'RuntimeLibrary': value 'MTd_StaticDebug' doesn't match value 'MD_DynamicRelease' in button_group.obj
     1>nana_v120_Debug_x64.lib(notifier.obj) : error LNK2038: mismatch detected for '_ITERATOR_DEBUG_LEVEL': value '2' doesn't match value '0' in button_group.obj
     1>nana_v120_Debug_x64.lib(notifier.obj) : error LNK2038: mismatch detected for 'RuntimeLibrary': value 'MTd_StaticDebug' doesn't match value 'MD_DynamicRelease' in button_group.obj
     1>nana_v120_Debug_x64.lib(timer.obj) : error LNK2038: mismatch detected for '_ITERATOR_DEBUG_LEVEL': value '2' doesn't match value '0' in button_group.obj
     1>nana_v120_Debug_x64.lib(timer.obj) : error LNK2038: mismatch detected for 'RuntimeLibrary': value 'MTd_StaticDebug' doesn't match value 'MD_DynamicRelease' in button_group.obj
     1>nana_v120_Debug_x64.lib(file_iterator.obj) : error LNK2038: mismatch detected for '_ITERATOR_DEBUG_LEVEL': value '2' doesn't match value '0' in button_group.obj
     1>nana_v120_Debug_x64.lib(file_iterator.obj) : error LNK2038: mismatch detected for 'RuntimeLibrary': value 'MTd_StaticDebug' doesn't match value 'MD_DynamicRelease' in button_group.obj
     1>nana_v120_Debug_x64.lib(datetime.obj) : error LNK2038: mismatch detected for '_ITERATOR_DEBUG_LEVEL': value '2' doesn't match value '0' in button_group.obj
     1>nana_v120_Debug_x64.lib(datetime.obj) : error LNK2038: mismatch detected for 'RuntimeLibrary': value 'MTd_StaticDebug' doesn't match value 'MD_DynamicRelease' in button_group.obj
     1>nana_v120_Debug_x64.lib(element_store.obj) : error LNK2038: mismatch detected for '_ITERATOR_DEBUG_LEVEL': value '2' doesn't match value '0' in button_group.obj
     1>nana_v120_Debug_x64.lib(element_store.obj) : error LNK2038: mismatch detected for 'RuntimeLibrary': value 'MTd_StaticDebug' doesn't match value 'MD_DynamicRelease' in button_group.obj
     1>nana_v120_Debug_x64.lib(spinbox.obj) : error LNK2038: mismatch detected for '_ITERATOR_DEBUG_LEVEL': value '2' doesn't match value '0' in button_group.obj
     1>nana_v120_Debug_x64.lib(spinbox.obj) : error LNK2038: mismatch detected for 'RuntimeLibrary': value 'MTd_StaticDebug' doesn't match value 'MD_DynamicRelease' in button_group.obj
     1>nana_v120_Debug_x64.lib(combox.obj) : error LNK2038: mismatch detected for '_ITERATOR_DEBUG_LEVEL': value '2' doesn't match value '0' in button_group.obj
     1>nana_v120_Debug_x64.lib(combox.obj) : error LNK2038: mismatch detected for 'RuntimeLibrary': value 'MTd_StaticDebug' doesn't match value 'MD_DynamicRelease' in button_group.obj
     1>nana_v120_Debug_x64.lib(textbox.obj) : error LNK2038: mismatch detected for '_ITERATOR_DEBUG_LEVEL': value '2' doesn't match value '0' in button_group.obj
     1>nana_v120_Debug_x64.lib(textbox.obj) : error LNK2038: mismatch detected for 'RuntimeLibrary': value 'MTd_StaticDebug' doesn't match value 'MD_DynamicRelease' in button_group.obj
     1>nana_v120_Debug_x64.lib(picture.obj) : error LNK2038: mismatch detected for '_ITERATOR_DEBUG_LEVEL': value '2' doesn't match value '0' in button_group.obj
     1>nana_v120_Debug_x64.lib(picture.obj) : error LNK2038: mismatch detected for 'RuntimeLibrary': value 'MTd_StaticDebug' doesn't match value 'MD_DynamicRelease' in button_group.obj
     1>nana_v120_Debug_x64.lib(place.obj) : error LNK2038: mismatch detected for '_ITERATOR_DEBUG_LEVEL': value '2' doesn't match value '0' in button_group.obj
     1>nana_v120_Debug_x64.lib(place.obj) : error LNK2038: mismatch detected for 'RuntimeLibrary': value 'MTd_StaticDebug' doesn't match value 'MD_DynamicRelease' in button_group.obj
     1>nana_v120_Debug_x64.lib(text_editor.obj) : error LNK2038: mismatch detected for '_ITERATOR_DEBUG_LEVEL': value '2' doesn't match value '0' in button_group.obj
     1>nana_v120_Debug_x64.lib(text_editor.obj) : error LNK2038: mismatch detected for 'RuntimeLibrary': value 'MTd_StaticDebug' doesn't match value 'MD_DynamicRelease' in button_group.obj
     1>nana_v120_Debug_x64.lib(exceptions.obj) : error LNK2038: mismatch detected for '_ITERATOR_DEBUG_LEVEL': value '2' doesn't match value '0' in button_group.obj
     1>nana_v120_Debug_x64.lib(exceptions.obj) : error LNK2038: mismatch detected for 'RuntimeLibrary': value 'MTd_StaticDebug' doesn't match value 'MD_DynamicRelease' in button_group.obj
     1>nana_v120_Debug_x64.lib(float_listbox.obj) : error LNK2038: mismatch detected for '_ITERATOR_DEBUG_LEVEL': value '2' doesn't match value '0' in button_group.obj
     1>nana_v120_Debug_x64.lib(float_listbox.obj) : error LNK2038: mismatch detected for 'RuntimeLibrary': value 'MTd_StaticDebug' doesn't match value 'MD_DynamicRelease' in button_group.obj
     1>nana_v120_Debug_x64.lib(any.obj) : error LNK2038: mismatch detected for '_ITERATOR_DEBUG_LEVEL': value '2' doesn't match value '0' in button_group.obj
     1>nana_v120_Debug_x64.lib(any.obj) : error LNK2038: mismatch detected for 'RuntimeLibrary': value 'MTd_StaticDebug' doesn't match value 'MD_DynamicRelease' in button_group.obj
     1>nana_v120_Debug_x64.lib(dragger.obj) : error LNK2038: mismatch detected for '_ITERATOR_DEBUG_LEVEL': value '2' doesn't match value '0' in button_group.obj
     1>nana_v120_Debug_x64.lib(dragger.obj) : error LNK2038: mismatch detected for 'RuntimeLibrary': value 'MTd_StaticDebug' doesn't match value 'MD_DynamicRelease' in button_group.obj
     1>nana_v120_Debug_x64.lib(scroll.obj) : error LNK2038: mismatch detected for '_ITERATOR_DEBUG_LEVEL': value '2' doesn't match value '0' in button_group.obj
     1>nana_v120_Debug_x64.lib(scroll.obj) : error LNK2038: mismatch detected for 'RuntimeLibrary': value 'MTd_StaticDebug' doesn't match value 'MD_DynamicRelease' in button_group.obj
     1>nana_v120_Debug_x64.lib(dataexch.obj) : error LNK2038: mismatch detected for '_ITERATOR_DEBUG_LEVEL': value '2' doesn't match value '0' in button_group.obj
     1>nana_v120_Debug_x64.lib(dataexch.obj) : error LNK2038: mismatch detected for 'RuntimeLibrary': value 'MTd_StaticDebug' doesn't match value 'MD_DynamicRelease' in button_group.obj
     1>libcpmtd.lib(stdthrow.obj) : error LNK2038: mismatch detected for '_ITERATOR_DEBUG_LEVEL': value '2' doesn't match value '0' in button_group.obj
     1>libcpmtd.lib(stdthrow.obj) : error LNK2038: mismatch detected for 'RuntimeLibrary': value 'MTd_StaticDebug' doesn't match value 'MD_DynamicRelease' in button_group.obj
     1>libcpmtd.lib(xdebug.obj) : error LNK2038: mismatch detected for '_ITERATOR_DEBUG_LEVEL': value '2' doesn't match value '0' in button_group.obj
     1>libcpmtd.lib(xdebug.obj) : error LNK2038: mismatch detected for 'RuntimeLibrary': value 'MTd_StaticDebug' doesn't match value 'MD_DynamicRelease' in button_group.obj
     1>libcpmtd.lib(ios.obj) : error LNK2038: mismatch detected for '_ITERATOR_DEBUG_LEVEL': value '2' doesn't match value '0' in button_group.obj
     1>libcpmtd.lib(ios.obj) : error LNK2038: mismatch detected for 'RuntimeLibrary': value 'MTd_StaticDebug' doesn't match value 'MD_DynamicRelease' in button_group.obj
     1>libcpmtd.lib(locale0.obj) : error LNK2038: mismatch detected for '_ITERATOR_DEBUG_LEVEL': value '2' doesn't match value '0' in button_group.obj
     1>libcpmtd.lib(locale0.obj) : error LNK2038: mismatch detected for 'RuntimeLibrary': value 'MTd_StaticDebug' doesn't match value 'MD_DynamicRelease' in button_group.obj
     1>libcpmtd.lib(placeholders.obj) : error LNK2038: mismatch detected for '_ITERATOR_DEBUG_LEVEL': value '2' doesn't match value '0' in button_group.obj
     1>libcpmtd.lib(placeholders.obj) : error LNK2038: mismatch detected for 'RuntimeLibrary': value 'MTd_StaticDebug' doesn't match value 'MD_DynamicRelease' in button_group.obj
     1>libcpmtd.lib(iosptrs.obj) : error LNK2038: mismatch detected for '_ITERATOR_DEBUG_LEVEL': value '2' doesn't match value '0' in button_group.obj
     1>libcpmtd.lib(iosptrs.obj) : error LNK2038: mismatch detected for 'RuntimeLibrary': value 'MTd_StaticDebug' doesn't match value 'MD_DynamicRelease' in button_group.obj
     1>libcpmtd.lib(locale.obj) : error LNK2038: mismatch detected for '_ITERATOR_DEBUG_LEVEL': value '2' doesn't match value '0' in button_group.obj
     1>libcpmtd.lib(locale.obj) : error LNK2038: mismatch detected for 'RuntimeLibrary': value 'MTd_StaticDebug' doesn't match value 'MD_DynamicRelease' in button_group.obj
     1>libcpmtd.lib(xlock.obj) : error LNK2038: mismatch detected for '_ITERATOR_DEBUG_LEVEL': value '2' doesn't match value '0' in button_group.obj
     1>libcpmtd.lib(xlock.obj) : error LNK2038: mismatch detected for 'RuntimeLibrary': value 'MTd_StaticDebug' doesn't match value 'MD_DynamicRelease' in button_group.obj
     1>libcpmtd.lib(xthrow.obj) : error LNK2038: mismatch detected for '_ITERATOR_DEBUG_LEVEL': value '2' doesn't match value '0' in button_group.obj
     1>libcpmtd.lib(xthrow.obj) : error LNK2038: mismatch detected for 'RuntimeLibrary': value 'MTd_StaticDebug' doesn't match value 'MD_DynamicRelease' in button_group.obj
     1>libcpmtd.lib(wlocale.obj) : error LNK2038: mismatch detected for '_ITERATOR_DEBUG_LEVEL': value '2' doesn't match value '0' in button_group.obj
     1>libcpmtd.lib(wlocale.obj) : error LNK2038: mismatch detected for 'RuntimeLibrary': value 'MTd_StaticDebug' doesn't match value 'MD_DynamicRelease' in button_group.obj
     1>libcpmtd.lib(xlocale.obj) : error LNK2038: mismatch detected for '_ITERATOR_DEBUG_LEVEL': value '2' doesn't match value '0' in button_group.obj
     1>libcpmtd.lib(xlocale.obj) : error LNK2038: mismatch detected for 'RuntimeLibrary': value 'MTd_StaticDebug' doesn't match value 'MD_DynamicRelease' in button_group.obj
     1>libcpmtd.lib(xdateord.obj) : error LNK2038: mismatch detected for '_ITERATOR_DEBUG_LEVEL': value '2' doesn't match value '0' in button_group.obj
     1>libcpmtd.lib(xdateord.obj) : error LNK2038: mismatch detected for 'RuntimeLibrary': value 'MTd_StaticDebug' doesn't match value 'MD_DynamicRelease' in button_group.obj
     1>LIBCMTD.lib(crt0init.obj) : error LNK2005: __xi_a already defined in MSVCRT.lib(cinitexe.obj)
     1>LIBCMTD.lib(crt0init.obj) : error LNK2005: __xi_z already defined in MSVCRT.lib(cinitexe.obj)
     1>LIBCMTD.lib(crt0init.obj) : error LNK2005: __xc_a already defined in MSVCRT.lib(cinitexe.obj)
     1>LIBCMTD.lib(crt0init.obj) : error LNK2005: __xc_z already defined in MSVCRT.lib(cinitexe.obj)
     1>LINK : warning LNK4098: defaultlib 'MSVCRT' conflicts with use of other libs; use /NODEFAULTLIB:library
     1>LINK : warning LNK4098: defaultlib 'LIBCMTD' conflicts with use of other libs; use /NODEFAULTLIB:library
     1>LINK : warning LNK4098: defaultlib 'MSVCRTD' conflicts with use of other libs; use /NODEFAULTLIB:library
     1>C:\Users\Gimmillaro Fabio\Desktop\Projekte\NormalMapGenerator\x64\Debug\NormalMapGenerator.exe : fatal error LNK1169: one or more multiply defined symbols found
     1>Done Building Project "C:\Users\Gimmillaro Fabio\Desktop\Projekte\NormalMapGenerator\NormalMapGenerator\NormalMapGenerator.vcxproj" (Build target(s)) -- FAILED.

Build FAILED.

Time Elapsed 00:00:16.04
